<?xml version="1.0" encoding="UTF-8"?>
<testsuite xmlns:xsi="http://www.w3.org/2001/XMLSchema-instance" xsi:noNamespaceSchemaLocation="https://maven.apache.org/surefire/maven-surefire-plugin/xsd/surefire-test-report.xsd" name="com.ayjin.MysiteApplicationTests" time="6.521" tests="1" errors="0" skipped="0" failures="0">
  <properties>
    <property name="sun.desktop" value="windows"/>
    <property name="awt.toolkit" value="sun.awt.windows.WToolkit"/>
    <property name="file.encoding.pkg" value="sun.io"/>
    <property name="java.specification.version" value="1.8"/>
    <property name="sun.cpu.isalist" value="amd64"/>
    <property name="sun.jnu.encoding" value="GBK"/>
    <property name="java.class.path" value="G:\java\web\MySite\target\test-classes;G:\java\web\MySite\target\classes;D:\apache-maven-3.6.3\repo\org\springframework\boot\spring-boot-starter-web\2.3.1.RELEASE\spring-boot-starter-web-2.3.1.RELEASE.jar;D:\apache-maven-3.6.3\repo\org\springframework\boot\spring-boot-starter\2.3.1.RELEASE\spring-boot-starter-2.3.1.RELEASE.jar;D:\apache-maven-3.6.3\repo\org\springframework\boot\spring-boot\2.3.1.RELEASE\spring-boot-2.3.1.RELEASE.jar;D:\apache-maven-3.6.3\repo\org\springframework\boot\spring-boot-starter-logging\2.3.1.RELEASE\spring-boot-starter-logging-2.3.1.RELEASE.jar;D:\apache-maven-3.6.3\repo\ch\qos\logback\logback-classic\1.2.3\logback-classic-1.2.3.jar;D:\apache-maven-3.6.3\repo\ch\qos\logback\logback-core\1.2.3\logback-core-1.2.3.jar;D:\apache-maven-3.6.3\repo\org\apache\logging\log4j\log4j-to-slf4j\2.13.3\log4j-to-slf4j-2.13.3.jar;D:\apache-maven-3.6.3\repo\org\apache\logging\log4j\log4j-api\2.13.3\log4j-api-2.13.3.jar;D:\apache-maven-3.6.3\repo\org\slf4j\jul-to-slf4j\1.7.30\jul-to-slf4j-1.7.30.jar;D:\apache-maven-3.6.3\repo\jakarta\annotation\jakarta.annotation-api\1.3.5\jakarta.annotation-api-1.3.5.jar;D:\apache-maven-3.6.3\repo\org\yaml\snakeyaml\1.26\snakeyaml-1.26.jar;D:\apache-maven-3.6.3\repo\org\springframework\boot\spring-boot-starter-json\2.3.1.RELEASE\spring-boot-starter-json-2.3.1.RELEASE.jar;D:\apache-maven-3.6.3\repo\com\fasterxml\jackson\core\jackson-databind\2.11.0\jackson-databind-2.11.0.jar;D:\apache-maven-3.6.3\repo\com\fasterxml\jackson\core\jackson-core\2.11.0\jackson-core-2.11.0.jar;D:\apache-maven-3.6.3\repo\com\fasterxml\jackson\datatype\jackson-datatype-jdk8\2.11.0\jackson-datatype-jdk8-2.11.0.jar;D:\apache-maven-3.6.3\repo\com\fasterxml\jackson\datatype\jackson-datatype-jsr310\2.11.0\jackson-datatype-jsr310-2.11.0.jar;D:\apache-maven-3.6.3\repo\com\fasterxml\jackson\module\jackson-module-parameter-names\2.11.0\jackson-module-parameter-names-2.11.0.jar;D:\apache-maven-3.6.3\repo\org\springframework\boot\spring-boot-starter-tomcat\2.3.1.RELEASE\spring-boot-starter-tomcat-2.3.1.RELEASE.jar;D:\apache-maven-3.6.3\repo\org\apache\tomcat\embed\tomcat-embed-core\9.0.36\tomcat-embed-core-9.0.36.jar;D:\apache-maven-3.6.3\repo\org\glassfish\jakarta.el\3.0.3\jakarta.el-3.0.3.jar;D:\apache-maven-3.6.3\repo\org\apache\tomcat\embed\tomcat-embed-websocket\9.0.36\tomcat-embed-websocket-9.0.36.jar;D:\apache-maven-3.6.3\repo\org\springframework\spring-web\5.2.7.RELEASE\spring-web-5.2.7.RELEASE.jar;D:\apache-maven-3.6.3\repo\org\springframework\spring-beans\5.2.7.RELEASE\spring-beans-5.2.7.RELEASE.jar;D:\apache-maven-3.6.3\repo\org\springframework\spring-webmvc\5.2.7.RELEASE\spring-webmvc-5.2.7.RELEASE.jar;D:\apache-maven-3.6.3\repo\org\springframework\spring-aop\5.2.7.RELEASE\spring-aop-5.2.7.RELEASE.jar;D:\apache-maven-3.6.3\repo\org\springframework\spring-context\5.2.7.RELEASE\spring-context-5.2.7.RELEASE.jar;D:\apache-maven-3.6.3\repo\org\springframework\spring-expression\5.2.7.RELEASE\spring-expression-5.2.7.RELEASE.jar;D:\apache-maven-3.6.3\repo\org\springframework\boot\spring-boot-starter-test\2.3.1.RELEASE\spring-boot-starter-test-2.3.1.RELEASE.jar;D:\apache-maven-3.6.3\repo\org\springframework\boot\spring-boot-test\2.3.1.RELEASE\spring-boot-test-2.3.1.RELEASE.jar;D:\apache-maven-3.6.3\repo\org\springframework\boot\spring-boot-test-autoconfigure\2.3.1.RELEASE\spring-boot-test-autoconfigure-2.3.1.RELEASE.jar;D:\apache-maven-3.6.3\repo\com\jayway\jsonpath\json-path\2.4.0\json-path-2.4.0.jar;D:\apache-maven-3.6.3\repo\net\minidev\json-smart\2.3\json-smart-2.3.jar;D:\apache-maven-3.6.3\repo\net\minidev\accessors-smart\1.2\accessors-smart-1.2.jar;D:\apache-maven-3.6.3\repo\org\ow2\asm\asm\5.0.4\asm-5.0.4.jar;D:\apache-maven-3.6.3\repo\jakarta\xml\bind\jakarta.xml.bind-api\2.3.3\jakarta.xml.bind-api-2.3.3.jar;D:\apache-maven-3.6.3\repo\jakarta\activation\jakarta.activation-api\1.2.2\jakarta.activation-api-1.2.2.jar;D:\apache-maven-3.6.3\repo\org\assertj\assertj-core\3.16.1\assertj-core-3.16.1.jar;D:\apache-maven-3.6.3\repo\org\hamcrest\hamcrest\2.2\hamcrest-2.2.jar;D:\apache-maven-3.6.3\repo\org\junit\jupiter\junit-jupiter\5.6.2\junit-jupiter-5.6.2.jar;D:\apache-maven-3.6.3\repo\org\junit\jupiter\junit-jupiter-api\5.6.2\junit-jupiter-api-5.6.2.jar;D:\apache-maven-3.6.3\repo\org\apiguardian\apiguardian-api\1.1.0\apiguardian-api-1.1.0.jar;D:\apache-maven-3.6.3\repo\org\opentest4j\opentest4j\1.2.0\opentest4j-1.2.0.jar;D:\apache-maven-3.6.3\repo\org\junit\platform\junit-platform-commons\1.6.2\junit-platform-commons-1.6.2.jar;D:\apache-maven-3.6.3\repo\org\junit\jupiter\junit-jupiter-params\5.6.2\junit-jupiter-params-5.6.2.jar;D:\apache-maven-3.6.3\repo\org\junit\jupiter\junit-jupiter-engine\5.6.2\junit-jupiter-engine-5.6.2.jar;D:\apache-maven-3.6.3\repo\org\junit\platform\junit-platform-engine\1.6.2\junit-platform-engine-1.6.2.jar;D:\apache-maven-3.6.3\repo\org\mockito\mockito-core\3.3.3\mockito-core-3.3.3.jar;D:\apache-maven-3.6.3\repo\net\bytebuddy\byte-buddy\1.10.11\byte-buddy-1.10.11.jar;D:\apache-maven-3.6.3\repo\net\bytebuddy\byte-buddy-agent\1.10.11\byte-buddy-agent-1.10.11.jar;D:\apache-maven-3.6.3\repo\org\objenesis\objenesis\2.6\objenesis-2.6.jar;D:\apache-maven-3.6.3\repo\org\mockito\mockito-junit-jupiter\3.3.3\mockito-junit-jupiter-3.3.3.jar;D:\apache-maven-3.6.3\repo\org\skyscreamer\jsonassert\1.5.0\jsonassert-1.5.0.jar;D:\apache-maven-3.6.3\repo\com\vaadin\external\google\android-json\0.0.20131108.vaadin1\android-json-0.0.20131108.vaadin1.jar;D:\apache-maven-3.6.3\repo\org\springframework\spring-core\5.2.7.RELEASE\spring-core-5.2.7.RELEASE.jar;D:\apache-maven-3.6.3\repo\org\springframework\spring-jcl\5.2.7.RELEASE\spring-jcl-5.2.7.RELEASE.jar;D:\apache-maven-3.6.3\repo\org\springframework\spring-test\5.2.7.RELEASE\spring-test-5.2.7.RELEASE.jar;D:\apache-maven-3.6.3\repo\org\xmlunit\xmlunit-core\2.7.0\xmlunit-core-2.7.0.jar;D:\apache-maven-3.6.3\repo\org\springframework\boot\spring-boot-starter-thymeleaf\2.3.1.RELEASE\spring-boot-starter-thymeleaf-2.3.1.RELEASE.jar;D:\apache-maven-3.6.3\repo\org\thymeleaf\thymeleaf-spring5\3.0.11.RELEASE\thymeleaf-spring5-3.0.11.RELEASE.jar;D:\apache-maven-3.6.3\repo\org\thymeleaf\thymeleaf\3.0.11.RELEASE\thymeleaf-3.0.11.RELEASE.jar;D:\apache-maven-3.6.3\repo\org\attoparser\attoparser\2.0.5.RELEASE\attoparser-2.0.5.RELEASE.jar;D:\apache-maven-3.6.3\repo\org\unbescape\unbescape\1.1.6.RELEASE\unbescape-1.1.6.RELEASE.jar;D:\apache-maven-3.6.3\repo\org\thymeleaf\extras\thymeleaf-extras-java8time\3.0.4.RELEASE\thymeleaf-extras-java8time-3.0.4.RELEASE.jar;D:\apache-maven-3.6.3\repo\mysql\mysql-connector-java\8.0.20\mysql-connector-java-8.0.20.jar;D:\apache-maven-3.6.3\repo\org\springframework\boot\spring-boot-starter-jdbc\2.3.1.RELEASE\spring-boot-starter-jdbc-2.3.1.RELEASE.jar;D:\apache-maven-3.6.3\repo\com\zaxxer\HikariCP\3.4.5\HikariCP-3.4.5.jar;D:\apache-maven-3.6.3\repo\org\springframework\spring-jdbc\5.2.7.RELEASE\spring-jdbc-5.2.7.RELEASE.jar;D:\apache-maven-3.6.3\repo\org\springframework\spring-tx\5.2.7.RELEASE\spring-tx-5.2.7.RELEASE.jar;D:\apache-maven-3.6.3\repo\org\mybatis\spring\boot\mybatis-spring-boot-starter\2.1.3\mybatis-spring-boot-starter-2.1.3.jar;D:\apache-maven-3.6.3\repo\org\mybatis\spring\boot\mybatis-spring-boot-autoconfigure\2.1.3\mybatis-spring-boot-autoconfigure-2.1.3.jar;D:\apache-maven-3.6.3\repo\org\mybatis\mybatis\3.5.5\mybatis-3.5.5.jar;D:\apache-maven-3.6.3\repo\org\mybatis\mybatis-spring\2.0.5\mybatis-spring-2.0.5.jar;D:\apache-maven-3.6.3\repo\com\alibaba\druid\1.1.23\druid-1.1.23.jar;D:\apache-maven-3.6.3\repo\log4j\log4j\1.2.12\log4j-1.2.12.jar;D:\apache-maven-3.6.3\repo\org\apache\shiro\shiro-spring-boot-web-starter\1.5.3\shiro-spring-boot-web-starter-1.5.3.jar;D:\apache-maven-3.6.3\repo\org\apache\shiro\shiro-spring-boot-starter\1.5.3\shiro-spring-boot-starter-1.5.3.jar;D:\apache-maven-3.6.3\repo\org\apache\shiro\shiro-spring\1.5.3\shiro-spring-1.5.3.jar;D:\apache-maven-3.6.3\repo\org\apache\shiro\shiro-core\1.5.3\shiro-core-1.5.3.jar;D:\apache-maven-3.6.3\repo\org\apache\shiro\shiro-lang\1.5.3\shiro-lang-1.5.3.jar;D:\apache-maven-3.6.3\repo\org\apache\shiro\shiro-cache\1.5.3\shiro-cache-1.5.3.jar;D:\apache-maven-3.6.3\repo\org\apache\shiro\shiro-crypto-hash\1.5.3\shiro-crypto-hash-1.5.3.jar;D:\apache-maven-3.6.3\repo\org\apache\shiro\shiro-crypto-core\1.5.3\shiro-crypto-core-1.5.3.jar;D:\apache-maven-3.6.3\repo\org\apache\shiro\shiro-crypto-cipher\1.5.3\shiro-crypto-cipher-1.5.3.jar;D:\apache-maven-3.6.3\repo\org\apache\shiro\shiro-config-core\1.5.3\shiro-config-core-1.5.3.jar;D:\apache-maven-3.6.3\repo\org\apache\shiro\shiro-config-ogdl\1.5.3\shiro-config-ogdl-1.5.3.jar;D:\apache-maven-3.6.3\repo\commons-beanutils\commons-beanutils\1.9.4\commons-beanutils-1.9.4.jar;D:\apache-maven-3.6.3\repo\commons-collections\commons-collections\3.2.2\commons-collections-3.2.2.jar;D:\apache-maven-3.6.3\repo\org\apache\shiro\shiro-event\1.5.3\shiro-event-1.5.3.jar;D:\apache-maven-3.6.3\repo\org\apache\shiro\shiro-web\1.5.3\shiro-web-1.5.3.jar;D:\apache-maven-3.6.3\repo\org\owasp\encoder\encoder\1.2.2\encoder-1.2.2.jar;D:\apache-maven-3.6.3\repo\org\springframework\boot\spring-boot-autoconfigure\2.3.1.RELEASE\spring-boot-autoconfigure-2.3.1.RELEASE.jar;D:\apache-maven-3.6.3\repo\org\projectlombok\lombok\1.18.12\lombok-1.18.12.jar;D:\apache-maven-3.6.3\repo\io\springfox\springfox-swagger2\2.9.2\springfox-swagger2-2.9.2.jar;D:\apache-maven-3.6.3\repo\io\swagger\swagger-annotations\1.5.20\swagger-annotations-1.5.20.jar;D:\apache-maven-3.6.3\repo\io\swagger\swagger-models\1.5.20\swagger-models-1.5.20.jar;D:\apache-maven-3.6.3\repo\com\fasterxml\jackson\core\jackson-annotations\2.11.0\jackson-annotations-2.11.0.jar;D:\apache-maven-3.6.3\repo\io\springfox\springfox-spi\2.9.2\springfox-spi-2.9.2.jar;D:\apache-maven-3.6.3\repo\io\springfox\springfox-core\2.9.2\springfox-core-2.9.2.jar;D:\apache-maven-3.6.3\repo\io\springfox\springfox-schema\2.9.2\springfox-schema-2.9.2.jar;D:\apache-maven-3.6.3\repo\io\springfox\springfox-swagger-common\2.9.2\springfox-swagger-common-2.9.2.jar;D:\apache-maven-3.6.3\repo\io\springfox\springfox-spring-web\2.9.2\springfox-spring-web-2.9.2.jar;D:\apache-maven-3.6.3\repo\com\google\guava\guava\20.0\guava-20.0.jar;D:\apache-maven-3.6.3\repo\com\fasterxml\classmate\1.5.1\classmate-1.5.1.jar;D:\apache-maven-3.6.3\repo\org\slf4j\slf4j-api\1.7.30\slf4j-api-1.7.30.jar;D:\apache-maven-3.6.3\repo\org\springframework\plugin\spring-plugin-core\1.2.0.RELEASE\spring-plugin-core-1.2.0.RELEASE.jar;D:\apache-maven-3.6.3\repo\org\springframework\plugin\spring-plugin-metadata\1.2.0.RELEASE\spring-plugin-metadata-1.2.0.RELEASE.jar;D:\apache-maven-3.6.3\repo\org\mapstruct\mapstruct\1.2.0.Final\mapstruct-1.2.0.Final.jar;D:\apache-maven-3.6.3\repo\io\springfox\springfox-swagger-ui\2.9.2\springfox-swagger-ui-2.9.2.jar;D:\apache-maven-3.6.3\repo\com\github\pagehelper\pagehelper-spring-boot-starter\1.2.5\pagehelper-spring-boot-starter-1.2.5.jar;D:\apache-maven-3.6.3\repo\com\github\pagehelper\pagehelper-spring-boot-autoconfigure\1.2.5\pagehelper-spring-boot-autoconfigure-1.2.5.jar;D:\apache-maven-3.6.3\repo\com\github\pagehelper\pagehelper\5.1.4\pagehelper-5.1.4.jar;D:\apache-maven-3.6.3\repo\com\github\jsqlparser\jsqlparser\1.0\jsqlparser-1.0.jar;"/>
    <property name="java.vm.vendor" value="Oracle Corporation"/>
    <property name="sun.arch.data.model" value="64"/>
    <property name="user.variant" value=""/>
    <property name="java.vendor.url" value="http://java.oracle.com/"/>
    <property name="user.timezone" value="Asia/Shanghai"/>
    <property name="java.vm.specification.version" value="1.8"/>
    <property name="os.name" value="Windows 10"/>
    <property name="user.country" value="CN"/>
    <property name="sun.java.launcher" value="SUN_STANDARD"/>
    <property name="sun.boot.library.path" value="D:\Java\jdk\jre\bin"/>
    <property name="sun.java.command" value="C:\Users\ayjin\AppData\Local\Temp\surefire899084708169988711\surefirebooter2263235166782640499.jar C:\Users\ayjin\AppData\Local\Temp\surefire899084708169988711 2020-07-18T17-22-05_179-jvmRun1 surefire2265283592277725727tmp surefire_04632035431823358745tmp"/>
    <property name="surefire.test.class.path" value="G:\java\web\MySite\target\test-classes;G:\java\web\MySite\target\classes;D:\apache-maven-3.6.3\repo\org\springframework\boot\spring-boot-starter-web\2.3.1.RELEASE\spring-boot-starter-web-2.3.1.RELEASE.jar;D:\apache-maven-3.6.3\repo\org\springframework\boot\spring-boot-starter\2.3.1.RELEASE\spring-boot-starter-2.3.1.RELEASE.jar;D:\apache-maven-3.6.3\repo\org\springframework\boot\spring-boot\2.3.1.RELEASE\spring-boot-2.3.1.RELEASE.jar;D:\apache-maven-3.6.3\repo\org\springframework\boot\spring-boot-starter-logging\2.3.1.RELEASE\spring-boot-starter-logging-2.3.1.RELEASE.jar;D:\apache-maven-3.6.3\repo\ch\qos\logback\logback-classic\1.2.3\logback-classic-1.2.3.jar;D:\apache-maven-3.6.3\repo\ch\qos\logback\logback-core\1.2.3\logback-core-1.2.3.jar;D:\apache-maven-3.6.3\repo\org\apache\logging\log4j\log4j-to-slf4j\2.13.3\log4j-to-slf4j-2.13.3.jar;D:\apache-maven-3.6.3\repo\org\apache\logging\log4j\log4j-api\2.13.3\log4j-api-2.13.3.jar;D:\apache-maven-3.6.3\repo\org\slf4j\jul-to-slf4j\1.7.30\jul-to-slf4j-1.7.30.jar;D:\apache-maven-3.6.3\repo\jakarta\annotation\jakarta.annotation-api\1.3.5\jakarta.annotation-api-1.3.5.jar;D:\apache-maven-3.6.3\repo\org\yaml\snakeyaml\1.26\snakeyaml-1.26.jar;D:\apache-maven-3.6.3\repo\org\springframework\boot\spring-boot-starter-json\2.3.1.RELEASE\spring-boot-starter-json-2.3.1.RELEASE.jar;D:\apache-maven-3.6.3\repo\com\fasterxml\jackson\core\jackson-databind\2.11.0\jackson-databind-2.11.0.jar;D:\apache-maven-3.6.3\repo\com\fasterxml\jackson\core\jackson-core\2.11.0\jackson-core-2.11.0.jar;D:\apache-maven-3.6.3\repo\com\fasterxml\jackson\datatype\jackson-datatype-jdk8\2.11.0\jackson-datatype-jdk8-2.11.0.jar;D:\apache-maven-3.6.3\repo\com\fasterxml\jackson\datatype\jackson-datatype-jsr310\2.11.0\jackson-datatype-jsr310-2.11.0.jar;D:\apache-maven-3.6.3\repo\com\fasterxml\jackson\module\jackson-module-parameter-names\2.11.0\jackson-module-parameter-names-2.11.0.jar;D:\apache-maven-3.6.3\repo\org\springframework\boot\spring-boot-starter-tomcat\2.3.1.RELEASE\spring-boot-starter-tomcat-2.3.1.RELEASE.jar;D:\apache-maven-3.6.3\repo\org\apache\tomcat\embed\tomcat-embed-core\9.0.36\tomcat-embed-core-9.0.36.jar;D:\apache-maven-3.6.3\repo\org\glassfish\jakarta.el\3.0.3\jakarta.el-3.0.3.jar;D:\apache-maven-3.6.3\repo\org\apache\tomcat\embed\tomcat-embed-websocket\9.0.36\tomcat-embed-websocket-9.0.36.jar;D:\apache-maven-3.6.3\repo\org\springframework\spring-web\5.2.7.RELEASE\spring-web-5.2.7.RELEASE.jar;D:\apache-maven-3.6.3\repo\org\springframework\spring-beans\5.2.7.RELEASE\spring-beans-5.2.7.RELEASE.jar;D:\apache-maven-3.6.3\repo\org\springframework\spring-webmvc\5.2.7.RELEASE\spring-webmvc-5.2.7.RELEASE.jar;D:\apache-maven-3.6.3\repo\org\springframework\spring-aop\5.2.7.RELEASE\spring-aop-5.2.7.RELEASE.jar;D:\apache-maven-3.6.3\repo\org\springframework\spring-context\5.2.7.RELEASE\spring-context-5.2.7.RELEASE.jar;D:\apache-maven-3.6.3\repo\org\springframework\spring-expression\5.2.7.RELEASE\spring-expression-5.2.7.RELEASE.jar;D:\apache-maven-3.6.3\repo\org\springframework\boot\spring-boot-starter-test\2.3.1.RELEASE\spring-boot-starter-test-2.3.1.RELEASE.jar;D:\apache-maven-3.6.3\repo\org\springframework\boot\spring-boot-test\2.3.1.RELEASE\spring-boot-test-2.3.1.RELEASE.jar;D:\apache-maven-3.6.3\repo\org\springframework\boot\spring-boot-test-autoconfigure\2.3.1.RELEASE\spring-boot-test-autoconfigure-2.3.1.RELEASE.jar;D:\apache-maven-3.6.3\repo\com\jayway\jsonpath\json-path\2.4.0\json-path-2.4.0.jar;D:\apache-maven-3.6.3\repo\net\minidev\json-smart\2.3\json-smart-2.3.jar;D:\apache-maven-3.6.3\repo\net\minidev\accessors-smart\1.2\accessors-smart-1.2.jar;D:\apache-maven-3.6.3\repo\org\ow2\asm\asm\5.0.4\asm-5.0.4.jar;D:\apache-maven-3.6.3\repo\jakarta\xml\bind\jakarta.xml.bind-api\2.3.3\jakarta.xml.bind-api-2.3.3.jar;D:\apache-maven-3.6.3\repo\jakarta\activation\jakarta.activation-api\1.2.2\jakarta.activation-api-1.2.2.jar;D:\apache-maven-3.6.3\repo\org\assertj\assertj-core\3.16.1\assertj-core-3.16.1.jar;D:\apache-maven-3.6.3\repo\org\hamcrest\hamcrest\2.2\hamcrest-2.2.jar;D:\apache-maven-3.6.3\repo\org\junit\jupiter\junit-jupiter\5.6.2\junit-jupiter-5.6.2.jar;D:\apache-maven-3.6.3\repo\org\junit\jupiter\junit-jupiter-api\5.6.2\junit-jupiter-api-5.6.2.jar;D:\apache-maven-3.6.3\repo\org\apiguardian\apiguardian-api\1.1.0\apiguardian-api-1.1.0.jar;D:\apache-maven-3.6.3\repo\org\opentest4j\opentest4j\1.2.0\opentest4j-1.2.0.jar;D:\apache-maven-3.6.3\repo\org\junit\platform\junit-platform-commons\1.6.2\junit-platform-commons-1.6.2.jar;D:\apache-maven-3.6.3\repo\org\junit\jupiter\junit-jupiter-params\5.6.2\junit-jupiter-params-5.6.2.jar;D:\apache-maven-3.6.3\repo\org\junit\jupiter\junit-jupiter-engine\5.6.2\junit-jupiter-engine-5.6.2.jar;D:\apache-maven-3.6.3\repo\org\junit\platform\junit-platform-engine\1.6.2\junit-platform-engine-1.6.2.jar;D:\apache-maven-3.6.3\repo\org\mockito\mockito-core\3.3.3\mockito-core-3.3.3.jar;D:\apache-maven-3.6.3\repo\net\bytebuddy\byte-buddy\1.10.11\byte-buddy-1.10.11.jar;D:\apache-maven-3.6.3\repo\net\bytebuddy\byte-buddy-agent\1.10.11\byte-buddy-agent-1.10.11.jar;D:\apache-maven-3.6.3\repo\org\objenesis\objenesis\2.6\objenesis-2.6.jar;D:\apache-maven-3.6.3\repo\org\mockito\mockito-junit-jupiter\3.3.3\mockito-junit-jupiter-3.3.3.jar;D:\apache-maven-3.6.3\repo\org\skyscreamer\jsonassert\1.5.0\jsonassert-1.5.0.jar;D:\apache-maven-3.6.3\repo\com\vaadin\external\google\android-json\0.0.20131108.vaadin1\android-json-0.0.20131108.vaadin1.jar;D:\apache-maven-3.6.3\repo\org\springframework\spring-core\5.2.7.RELEASE\spring-core-5.2.7.RELEASE.jar;D:\apache-maven-3.6.3\repo\org\springframework\spring-jcl\5.2.7.RELEASE\spring-jcl-5.2.7.RELEASE.jar;D:\apache-maven-3.6.3\repo\org\springframework\spring-test\5.2.7.RELEASE\spring-test-5.2.7.RELEASE.jar;D:\apache-maven-3.6.3\repo\org\xmlunit\xmlunit-core\2.7.0\xmlunit-core-2.7.0.jar;D:\apache-maven-3.6.3\repo\org\springframework\boot\spring-boot-starter-thymeleaf\2.3.1.RELEASE\spring-boot-starter-thymeleaf-2.3.1.RELEASE.jar;D:\apache-maven-3.6.3\repo\org\thymeleaf\thymeleaf-spring5\3.0.11.RELEASE\thymeleaf-spring5-3.0.11.RELEASE.jar;D:\apache-maven-3.6.3\repo\org\thymeleaf\thymeleaf\3.0.11.RELEASE\thymeleaf-3.0.11.RELEASE.jar;D:\apache-maven-3.6.3\repo\org\attoparser\attoparser\2.0.5.RELEASE\attoparser-2.0.5.RELEASE.jar;D:\apache-maven-3.6.3\repo\org\unbescape\unbescape\1.1.6.RELEASE\unbescape-1.1.6.RELEASE.jar;D:\apache-maven-3.6.3\repo\org\thymeleaf\extras\thymeleaf-extras-java8time\3.0.4.RELEASE\thymeleaf-extras-java8time-3.0.4.RELEASE.jar;D:\apache-maven-3.6.3\repo\mysql\mysql-connector-java\8.0.20\mysql-connector-java-8.0.20.jar;D:\apache-maven-3.6.3\repo\org\springframework\boot\spring-boot-starter-jdbc\2.3.1.RELEASE\spring-boot-starter-jdbc-2.3.1.RELEASE.jar;D:\apache-maven-3.6.3\repo\com\zaxxer\HikariCP\3.4.5\HikariCP-3.4.5.jar;D:\apache-maven-3.6.3\repo\org\springframework\spring-jdbc\5.2.7.RELEASE\spring-jdbc-5.2.7.RELEASE.jar;D:\apache-maven-3.6.3\repo\org\springframework\spring-tx\5.2.7.RELEASE\spring-tx-5.2.7.RELEASE.jar;D:\apache-maven-3.6.3\repo\org\mybatis\spring\boot\mybatis-spring-boot-starter\2.1.3\mybatis-spring-boot-starter-2.1.3.jar;D:\apache-maven-3.6.3\repo\org\mybatis\spring\boot\mybatis-spring-boot-autoconfigure\2.1.3\mybatis-spring-boot-autoconfigure-2.1.3.jar;D:\apache-maven-3.6.3\repo\org\mybatis\mybatis\3.5.5\mybatis-3.5.5.jar;D:\apache-maven-3.6.3\repo\org\mybatis\mybatis-spring\2.0.5\mybatis-spring-2.0.5.jar;D:\apache-maven-3.6.3\repo\com\alibaba\druid\1.1.23\druid-1.1.23.jar;D:\apache-maven-3.6.3\repo\log4j\log4j\1.2.12\log4j-1.2.12.jar;D:\apache-maven-3.6.3\repo\org\apache\shiro\shiro-spring-boot-web-starter\1.5.3\shiro-spring-boot-web-starter-1.5.3.jar;D:\apache-maven-3.6.3\repo\org\apache\shiro\shiro-spring-boot-starter\1.5.3\shiro-spring-boot-starter-1.5.3.jar;D:\apache-maven-3.6.3\repo\org\apache\shiro\shiro-spring\1.5.3\shiro-spring-1.5.3.jar;D:\apache-maven-3.6.3\repo\org\apache\shiro\shiro-core\1.5.3\shiro-core-1.5.3.jar;D:\apache-maven-3.6.3\repo\org\apache\shiro\shiro-lang\1.5.3\shiro-lang-1.5.3.jar;D:\apache-maven-3.6.3\repo\org\apache\shiro\shiro-cache\1.5.3\shiro-cache-1.5.3.jar;D:\apache-maven-3.6.3\repo\org\apache\shiro\shiro-crypto-hash\1.5.3\shiro-crypto-hash-1.5.3.jar;D:\apache-maven-3.6.3\repo\org\apache\shiro\shiro-crypto-core\1.5.3\shiro-crypto-core-1.5.3.jar;D:\apache-maven-3.6.3\repo\org\apache\shiro\shiro-crypto-cipher\1.5.3\shiro-crypto-cipher-1.5.3.jar;D:\apache-maven-3.6.3\repo\org\apache\shiro\shiro-config-core\1.5.3\shiro-config-core-1.5.3.jar;D:\apache-maven-3.6.3\repo\org\apache\shiro\shiro-config-ogdl\1.5.3\shiro-config-ogdl-1.5.3.jar;D:\apache-maven-3.6.3\repo\commons-beanutils\commons-beanutils\1.9.4\commons-beanutils-1.9.4.jar;D:\apache-maven-3.6.3\repo\commons-collections\commons-collections\3.2.2\commons-collections-3.2.2.jar;D:\apache-maven-3.6.3\repo\org\apache\shiro\shiro-event\1.5.3\shiro-event-1.5.3.jar;D:\apache-maven-3.6.3\repo\org\apache\shiro\shiro-web\1.5.3\shiro-web-1.5.3.jar;D:\apache-maven-3.6.3\repo\org\owasp\encoder\encoder\1.2.2\encoder-1.2.2.jar;D:\apache-maven-3.6.3\repo\org\springframework\boot\spring-boot-autoconfigure\2.3.1.RELEASE\spring-boot-autoconfigure-2.3.1.RELEASE.jar;D:\apache-maven-3.6.3\repo\org\projectlombok\lombok\1.18.12\lombok-1.18.12.jar;D:\apache-maven-3.6.3\repo\io\springfox\springfox-swagger2\2.9.2\springfox-swagger2-2.9.2.jar;D:\apache-maven-3.6.3\repo\io\swagger\swagger-annotations\1.5.20\swagger-annotations-1.5.20.jar;D:\apache-maven-3.6.3\repo\io\swagger\swagger-models\1.5.20\swagger-models-1.5.20.jar;D:\apache-maven-3.6.3\repo\com\fasterxml\jackson\core\jackson-annotations\2.11.0\jackson-annotations-2.11.0.jar;D:\apache-maven-3.6.3\repo\io\springfox\springfox-spi\2.9.2\springfox-spi-2.9.2.jar;D:\apache-maven-3.6.3\repo\io\springfox\springfox-core\2.9.2\springfox-core-2.9.2.jar;D:\apache-maven-3.6.3\repo\io\springfox\springfox-schema\2.9.2\springfox-schema-2.9.2.jar;D:\apache-maven-3.6.3\repo\io\springfox\springfox-swagger-common\2.9.2\springfox-swagger-common-2.9.2.jar;D:\apache-maven-3.6.3\repo\io\springfox\springfox-spring-web\2.9.2\springfox-spring-web-2.9.2.jar;D:\apache-maven-3.6.3\repo\com\google\guava\guava\20.0\guava-20.0.jar;D:\apache-maven-3.6.3\repo\com\fasterxml\classmate\1.5.1\classmate-1.5.1.jar;D:\apache-maven-3.6.3\repo\org\slf4j\slf4j-api\1.7.30\slf4j-api-1.7.30.jar;D:\apache-maven-3.6.3\repo\org\springframework\plugin\spring-plugin-core\1.2.0.RELEASE\spring-plugin-core-1.2.0.RELEASE.jar;D:\apache-maven-3.6.3\repo\org\springframework\plugin\spring-plugin-metadata\1.2.0.RELEASE\spring-plugin-metadata-1.2.0.RELEASE.jar;D:\apache-maven-3.6.3\repo\org\mapstruct\mapstruct\1.2.0.Final\mapstruct-1.2.0.Final.jar;D:\apache-maven-3.6.3\repo\io\springfox\springfox-swagger-ui\2.9.2\springfox-swagger-ui-2.9.2.jar;D:\apache-maven-3.6.3\repo\com\github\pagehelper\pagehelper-spring-boot-starter\1.2.5\pagehelper-spring-boot-starter-1.2.5.jar;D:\apache-maven-3.6.3\repo\com\github\pagehelper\pagehelper-spring-boot-autoconfigure\1.2.5\pagehelper-spring-boot-autoconfigure-1.2.5.jar;D:\apache-maven-3.6.3\repo\com\github\pagehelper\pagehelper\5.1.4\pagehelper-5.1.4.jar;D:\apache-maven-3.6.3\repo\com\github\jsqlparser\jsqlparser\1.0\jsqlparser-1.0.jar;"/>
    <property name="sun.cpu.endian" value="little"/>
    <property name="user.home" value="C:\Users\ayjin"/>
    <property name="user.language" value="zh"/>
    <property name="java.specification.vendor" value="Oracle Corporation"/>
    <property name="java.home" value="D:\Java\jdk\jre"/>
    <property name="basedir" value="G:\java\web\MySite"/>
    <property name="file.separator" value="\"/>
    <property name="line.separator" value="&#10;"/>
    <property name="java.vm.specification.vendor" value="Oracle Corporation"/>
    <property name="java.specification.name" value="Java Platform API Specification"/>
    <property name="java.awt.graphicsenv" value="sun.awt.Win32GraphicsEnvironment"/>
    <property name="idea.version2020.1.1" value="true"/>
    <property name="surefire.real.class.path" value="C:\Users\ayjin\AppData\Local\Temp\surefire899084708169988711\surefirebooter2263235166782640499.jar"/>
    <property name="sun.boot.class.path" value="D:\Java\jdk\jre\lib\resources.jar;D:\Java\jdk\jre\lib\rt.jar;D:\Java\jdk\jre\lib\sunrsasign.jar;D:\Java\jdk\jre\lib\jsse.jar;D:\Java\jdk\jre\lib\jce.jar;D:\Java\jdk\jre\lib\charsets.jar;D:\Java\jdk\jre\lib\jfr.jar;D:\Java\jdk\jre\classes"/>
    <property name="user.script" value=""/>
    <property name="sun.management.compiler" value="HotSpot 64-Bit Tiered Compilers"/>
    <property name="java.runtime.version" value="1.8.0_251-b08"/>
    <property name="user.name" value="ayjin"/>
    <property name="path.separator" value=";"/>
    <property name="os.version" value="10.0"/>
    <property name="java.endorsed.dirs" value="D:\Java\jdk\jre\lib\endorsed"/>
    <property name="java.runtime.name" value="Java(TM) SE Runtime Environment"/>
    <property name="file.encoding" value="GBK"/>
    <property name="java.vm.name" value="Java HotSpot(TM) 64-Bit Server VM"/>
    <property name="localRepository" value="D:\apache-maven-3.6.3\repo"/>
    <property name="java.vendor.url.bug" value="http://bugreport.sun.com/bugreport/"/>
    <property name="java.io.tmpdir" value="C:\Users\ayjin\AppData\Local\Temp\"/>
    <property name="java.version" value="1.8.0_251"/>
    <property name="user.dir" value="G:\java\web\MySite"/>
    <property name="os.arch" value="amd64"/>
    <property name="java.vm.specification.name" value="Java Virtual Machine Specification"/>
    <property name="java.awt.printerjob" value="sun.awt.windows.WPrinterJob"/>
    <property name="sun.os.patch.level" value=""/>
    <property name="java.library.path" value="D:\Java\jdk\jre\bin;C:\Windows\Sun\Java\bin;C:\Windows\system32;C:\Windows;C:\Windows\system32;C:\Windows;C:\Windows\System32\Wbem;C:\Windows\System32\WindowsPowerShell\v1.0\;C:\Windows\System32\OpenSSH\;C:\Program Files\MySQL\MySQL Server 8.0\bin;D:\java\jdk\bin;D:\java\jdk\jre\bin;D:\flutter\bin;D:\nodejs\;C:\ProgramData\chocolatey\bin;D:\Git\cmd;D:\apache-maven-3.6.3\bin;C:\Program Files\MySQL\MySQL Shell 8.0\bin\;D:\python368\Scripts\;D:\python368\;C:\Users\ayjin\AppData\Local\Microsoft\WindowsApps;;D:\PyCharm 2019.3.3\bin;;D:\Microsoft VS Code\bin;D:\idea\IntelliJ IDEA 2020.1.1\bin;;D:\webstorm\WebStorm 2020.1.1\bin;;C:\Windows\System32\Wbem;C:\Users\ayjin\AppData\Roaming\npm;."/>
    <property name="java.vm.info" value="mixed mode"/>
    <property name="java.vendor" value="Oracle Corporation"/>
    <property name="java.vm.version" value="25.251-b08"/>
    <property name="java.ext.dirs" value="D:\Java\jdk\jre\lib\ext;C:\Windows\Sun\Java\lib\ext"/>
    <property name="sun.io.unicode.encoding" value="UnicodeLittle"/>
    <property name="maven.repo.local" value="D:\apache-maven-3.6.3\repo"/>
    <property name="java.class.version" value="52.0"/>
  </properties>
  <testcase name="contextLoads" classname="com.ayjin.MysiteApplicationTests" time="0.514"/>
</testsuite>